<?xml version="1.0" encoding="UTF-8"?>
<testng-results skipped="0" failed="0" ignored="0" total="1" passed="1">
  <reporter-output>
  </reporter-output>
  <suite name="Default suite" duration-ms="66467" started-at="2020-02-20T07:46:19Z" finished-at="2020-02-20T07:47:25Z">
    <groups>
    </groups>
    <test name="Default test" duration-ms="66467" started-at="2020-02-20T07:46:19Z" finished-at="2020-02-20T07:47:25Z">
      <class name="testscripts.CT_DriverScript">
        <test-method status="PASS" signature="Initialise()[pri:0, instance:testscripts.CT_DriverScript@4cc0edeb]" name="Initialise" is-config="true" duration-ms="22" started-at="2020-02-20T13:16:19Z" finished-at="2020-02-20T13:16:19Z">
          <reporter-output>
          </reporter-output>
        </test-method> <!-- Initialise -->
        <test-method status="PASS" signature="Testapp()[pri:0, instance:testscripts.CT_DriverScript@4cc0edeb]" name="Testapp" duration-ms="65759" started-at="2020-02-20T13:16:19Z" finished-at="2020-02-20T13:17:25Z">
          <reporter-output>
          </reporter-output>
        </test-method> <!-- Testapp -->
        <test-method status="PASS" signature="endtest()[pri:0, instance:testscripts.CT_DriverScript@4cc0edeb]" name="endtest" is-config="true" duration-ms="649" started-at="2020-02-20T13:17:25Z" finished-at="2020-02-20T13:17:25Z">
          <reporter-output>
          </reporter-output>
        </test-method> <!-- endtest -->
      </class> <!-- testscripts.CT_DriverScript -->
    </test> <!-- Default test -->
  </suite> <!-- Default suite -->
</testng-results>
